<?xml version="1.0" encoding="UTF-8"?>
<!-- Generated by org.testng.reporters.JUnitReportReporter -->
<testsuite hostname="BLTSL02504" failures="0" tests="1" name="com.inetbanking.testCases.TC_LoginDDT_002" time="0.000" errors="0" timestamp="2024-06-08T19:04:14 IST" skipped="1">
  <testcase classname="com.inetbanking.testCases.TC_LoginDDT_002" name="loginDDt" time="0.000">
    <skipped/>
  </testcase> <!-- loginDDt -->
  <system-out/>
</testsuite> <!-- com.inetbanking.testCases.TC_LoginDDT_002 -->
