<?xml version="1.0" encoding="UTF-8"?>
<!-- Generated by org.testng.reporters.JUnitReportReporter -->
<testsuite hostname="DESKTOP-QRPNPOQ" failures="0" tests="1" name="sumValidation" time="5.103" errors="0" timestamp="2024-07-22T12:20:24 IST" skipped="0">
  <testcase classname="sumValidation" name="sumofCopies" time="5.103"/>
</testsuite> <!-- sumValidation -->
